<?xml version="1.0" encoding="UTF-8"?>
<!-- Generated by org.testng.reporters.JUnitReportReporter -->
<testsuite hostname="DESKTOP-MEJQHUP" failures="0" tests="1" name="Academy.TestingCases.OpenGoogle" time="24.737" errors="0" timestamp="2021-05-25T11:22:59 IST" skipped="0">
  <testcase classname="Academy.TestingCases.OpenGoogle" name="exampleOfTestNgMaven" time="24.737"/>
  <system-out/>
</testsuite> <!-- Academy.TestingCases.OpenGoogle -->
