<?xml version="1.0" encoding="UTF-8"?>
<!-- Generated by org.testng.reporters.JUnitReportReporter -->
<testsuite skipped="0" hostname="DESKTOP-MEJQHUP" name="Academy.TestingCases.OpenInMultipleTabAndWindow" tests="1" failures="0" timestamp="2021-04-20T12:49:43 IST" time="14.510" errors="0">
  <testcase name="OpenInMultipleTabAndWindow" time="14.510" classname="Academy.TestingCases.OpenInMultipleTabAndWindow"/>
  <system-out/>
</testsuite> <!-- Academy.TestingCases.OpenInMultipleTabAndWindow -->
