<?xml version="1.0" encoding="UTF-8"?>
<!-- Generated by org.testng.reporters.JUnitReportReporter -->
<testsuite skipped="0" hostname="DESKTOP-MEJQHUP" name="Academy.TestingCases.ChefpinRegisterDiner" tests="1" failures="0" timestamp="2021-04-27T14:33:32 IST" time="13.037" errors="0">
  <testcase name="ChefpinRegisterDiner" time="13.037" classname="Academy.TestingCases.ChefpinRegisterDiner"/>
  <system-out/>
</testsuite> <!-- Academy.TestingCases.ChefpinRegisterDiner -->
