<?xml version="1.0" encoding="UTF-8"?>
<!-- Generated by org.testng.reporters.JUnitReportReporter -->
<testsuite skipped="0" hostname="DESKTOP-MEJQHUP" name="Academy.TestingCases.ChefpinCheflist" tests="1" failures="0" timestamp="2021-04-28T12:37:21 IST" time="0.025" errors="0">
  <testcase name="ChefpinCheflist" time="0.025" classname="Academy.TestingCases.ChefpinCheflist"/>
  <system-out/>
</testsuite> <!-- Academy.TestingCases.ChefpinCheflist -->
