<?xml version="1.0" encoding="UTF-8"?>
<!-- Generated by org.testng.reporters.JUnitReportReporter -->
<testsuite skipped="0" hostname="DESKTOP-MEJQHUP" name="Academy.TestingCases.Epicor" tests="1" failures="0" timestamp="2021-04-27T18:32:34 IST" time="74.467" errors="0">
  <testcase name="Epicor" time="74.467" classname="Academy.TestingCases.Epicor"/>
  <system-out/>
</testsuite> <!-- Academy.TestingCases.Epicor -->
