<?xml version="1.0" encoding="UTF-8"?>
<!-- Generated by org.testng.reporters.JUnitReportReporter -->
<testsuite hostname="DESKTOP-MEJQHUP" failures="0" tests="1" name="Academy.TestingCases.AppTest" time="0.019" errors="0" timestamp="2021-05-25T11:23:00 IST" skipped="0">
  <testcase classname="Academy.TestingCases.AppTest" name="shouldAnswerWithTrue" time="0.019"/>
  <system-out/>
</testsuite> <!-- Academy.TestingCases.AppTest -->
