<?xml version="1.0" encoding="UTF-8"?>
<!-- Generated by org.testng.reporters.JUnitReportReporter -->
<testsuite skipped="0" hostname="DESKTOP-MEJQHUP" name="Academy.TestingCases.Screenshots" tests="1" failures="0" timestamp="2021-04-29T02:40:26 IST" time="13.098" errors="0">
  <testcase name="Screenshots" time="13.098" classname="Academy.TestingCases.Screenshots"/>
  <system-out/>
</testsuite> <!-- Academy.TestingCases.Screenshots -->
