<?xml version="1.0" encoding="UTF-8"?>
<!-- Generated by org.testng.reporters.JUnitReportReporter -->
<testsuite skipped="0" hostname="DESKTOP-MEJQHUP" name="Academy.TestingCases.CapturingSizeAndLocationOfElement" tests="1" failures="0" timestamp="2021-04-20T13:13:26 IST" time="32.324" errors="0">
  <testcase name="CapturingSizeAndLocationOfElement" time="32.324" classname="Academy.TestingCases.CapturingSizeAndLocationOfElement"/>
  <system-out/>
</testsuite> <!-- Academy.TestingCases.CapturingSizeAndLocationOfElement -->
