<?xml version="1.0" encoding="UTF-8"?>
<!-- Generated by org.testng.reporters.JUnitReportReporter -->
<testsuite hostname="DESKTOP-MEJQHUP" failures="0" tests="1" name="Academy.TestingCases.KeyboardActions" time="30.172" errors="0" timestamp="2021-05-25T11:23:00 IST" skipped="0">
  <testcase classname="Academy.TestingCases.KeyboardActions" name="keyboardActions" time="30.172"/>
  <system-out/>
</testsuite> <!-- Academy.TestingCases.KeyboardActions -->
