<?xml version="1.0" encoding="UTF-8"?>
<!-- Generated by org.testng.reporters.JUnitReportReporter -->
<testsuite skipped="0" hostname="DESKTOP-MEJQHUP" name="Academy.TestingCases.CapturingTooltip" tests="1" failures="0" timestamp="2021-04-20T11:34:10 IST" time="13.719" errors="0">
  <testcase name="CapturingTooltip" time="13.719" classname="Academy.TestingCases.CapturingTooltip"/>
  <system-out/>
</testsuite> <!-- Academy.TestingCases.CapturingTooltip -->
