<?xml version="1.0" encoding="UTF-8"?>
<!-- Generated by org.testng.reporters.JUnitReportReporter -->
<testsuite skipped="0" hostname="DESKTOP-MEJQHUP" name="Academy.TestingCases.KeyboardActionMultipleKeys" tests="1" failures="0" timestamp="2021-04-19T19:48:39 IST" time="24.376" errors="0">
  <testcase name="KeyboardActionMultipleKeys" time="24.376" classname="Academy.TestingCases.KeyboardActionMultipleKeys"/>
  <system-out/>
</testsuite> <!-- Academy.TestingCases.KeyboardActionMultipleKeys -->
