<?xml version="1.0" encoding="UTF-8"?>
<!-- Generated by org.testng.reporters.JUnitReportReporter -->
<testsuite skipped="0" hostname="DESKTOP-MEJQHUP" name="Academy.TestingCases.OpeningLinkInNewTab" tests="1" failures="0" timestamp="2021-04-20T12:37:29 IST" time="21.125" errors="0">
  <testcase name="OpeningLinkInNewTab" time="21.125" classname="Academy.TestingCases.OpeningLinkInNewTab"/>
  <system-out/>
</testsuite> <!-- Academy.TestingCases.OpeningLinkInNewTab -->
