<?xml version="1.0" encoding="UTF-8"?>
<!-- Generated by org.testng.reporters.JUnitReportReporter -->
<testsuite skipped="0" hostname="DESKTOP-MEJQHUP" name="com.testCases.ChefpinLoginDinerTest" tests="1" failures="0" timestamp="2021-05-19T22:54:48 IST" time="11.928" errors="0">
  <testcase name="ChefpinLoginDinerTest" time="11.928" classname="com.testCases.ChefpinLoginDinerTest"/>
  <system-out/>
</testsuite> <!-- com.testCases.ChefpinLoginDinerTest -->
