<?xml version="1.0" encoding="UTF-8"?>
<!-- Generated by org.testng.reporters.JUnitReportReporter -->
<testsuite skipped="0" hostname="DESKTOP-MEJQHUP" name="Academy.TestingCases.AppTest" tests="1" failures="0" timestamp="2021-05-19T22:54:48 IST" time="0.150" errors="0">
  <testcase name="shouldAnswerWithTrue" time="0.150" classname="Academy.TestingCases.AppTest"/>
  <system-out/>
</testsuite> <!-- Academy.TestingCases.AppTest -->
